C51 COMPILER V9.00   DAC_TRAPEZOIDAL                                                       08/28/2010 20:44:36 PAGE 1   


C51 COMPILER V9.00, COMPILATION OF MODULE DAC_TRAPEZOIDAL
OBJECT MODULE PLACED IN dac_trapezoidal.OBJ
COMPILER INVOKED BY: C:\Keil\C51\BIN\C51.EXE dac_trapezoidal.c BROWSE DEBUG OBJECTEXTEND

line level    source

   1          #include <REG51.h>
   2          void delay_time(unsigned int time)
   3          {
   4   1        unsigned int i,j; 
   5   1        for(i=time;i>0;i--)
   6   1        {
   7   2              for(j=0;j<20;j++);
   8   2        }
   9   1          
  10   1      }
  11          
  12          void delay_ramp(unsigned int time)
  13          {
  14   1        unsigned int i; 
  15   1        for(i=time;i>=0;i--);
  16   1           
  17   1      }
  18          
  19          
  20          void send_dac(unsigned int dat)
  21          {
  22   1        unsigned char temp=0,cnt=8,a;
  23   1              while(cnt > 0)
  24   1              {
  25   2                      temp = temp >> 1;
  26   2                      a = dat & 0x80;
  27   2                      temp = temp | a;
  28   2                      dat = dat << 1;
  29   2                      cnt--;
  30   2              }
  31   1                      P1 = temp;
  32   1      }
  33          void main(void)
  34          {
  35   1        unsigned int a,state=0xFF;
  36   1      
  37   1         while(1)
  38   1         {
  39   2              // rising ramp edge
  40   2               for(a=0;a<0xFF;a++)
  41   2               {
  42   3                      send_dac(a);
  43   3              //      delay_ramp(0);
  44   3               }
  45   2              // high state
  46   2               send_dac(0xFF);
  47   2               delay_time(100);
  48   2              // falling ramp edge
  49   2               for(a=0xFF;a>0;a--)
  50   2               {
  51   3                      send_dac(a);
  52   3              //      delay_ramp(0);
  53   3               }
  54   2              // low state
  55   2               send_dac(0x00);
C51 COMPILER V9.00   DAC_TRAPEZOIDAL                                                       08/28/2010 20:44:36 PAGE 2   

  56   2               delay_time(100); 
  57   2              }
  58   1      }


MODULE INFORMATION:   STATIC OVERLAYABLE
   CODE SIZE        =    139    ----
   CONSTANT SIZE    =   ----    ----
   XDATA SIZE       =   ----    ----
   PDATA SIZE       =   ----    ----
   DATA SIZE        =   ----       2
   IDATA SIZE       =   ----    ----
   BIT SIZE         =   ----    ----
END OF MODULE INFORMATION.


C51 COMPILATION COMPLETE.  0 WARNING(S),  0 ERROR(S)
